<?xml version="1.0" encoding="UTF-8"?>
<robot generator="Robot 3.1.2 (Python 3.7.4 on darwin)" generated="20190808 15:37:59.078" rpa="false">
<suite id="s1" name="D-空白数据" source="/Users/linguowei/PycharmProjects/spj/tc/d-空白数据">
<kw name="Run Keywords" library="BuiltIn" type="setup">
<doc>Executes all the given keywords in a sequence.</doc>
<arguments>
<arg>delete all school teachers</arg>
<arg>AND</arg>
<arg>delete all school students</arg>
<arg>AND</arg>
<arg>delete all school classes</arg>
</arguments>
<kw name="Delete All School Teachers" library="pylib.SchoolTeacherLib">
<msg timestamp="20190808 15:37:59.339" level="INFO">{'retcode': 0, 'retlist': []}
{'retcode': 0, 'retlist': []}
{'retcode': 0, 'retlist': []}
{'retcode': 0, 'retlist': []}</msg>
<status status="PASS" starttime="20190808 15:37:59.166" endtime="20190808 15:37:59.339"></status>
</kw>
<kw name="Delete All School Students" library="pylib.SchoolStudentLib">
<msg timestamp="20190808 15:37:59.541" level="INFO">{'retcode': 0, 'retlist': []}
{'retcode': 0, 'retlist': []}
{'retcode': 0, 'retlist': []}
{'retcode': 0, 'retlist': []}</msg>
<status status="PASS" starttime="20190808 15:37:59.339" endtime="20190808 15:37:59.542"></status>
</kw>
<kw name="Delete All School Classes" library="pylib.SchoolClassLib">
<msg timestamp="20190808 15:37:59.739" level="INFO">{'gradeid': None, 'retcode': 0, 'retlist': []}
{'gradeid': None, 'retcode': 0, 'retlist': []}
{'gradeid': None, 'retcode': 0, 'retlist': []}
{'gradeid': None, 'retcode': 0, 'retlist': []}</msg>
<status status="PASS" starttime="20190808 15:37:59.542" endtime="20190808 15:37:59.739"></status>
</kw>
<status status="PASS" starttime="20190808 15:37:59.166" endtime="20190808 15:37:59.739"></status>
</kw>
<suite id="s1-s1" name="D-7年级1班" source="/Users/linguowei/PycharmProjects/spj/tc/d-空白数据/d-7年级1班">
<kw name="Add School Class" library="pylib.SchoolClassLib" type="setup">
<arguments>
<arg>1</arg>
<arg>1班</arg>
<arg>60</arg>
<arg>suite_g7c1_classid</arg>
</arguments>
<msg timestamp="20190808 15:37:59.854" level="INFO">${suite_g7c1_classid} = 193489</msg>
<msg timestamp="20190808 15:37:59.855" level="INFO">{'id': 193489, 'invitecode': '1934890111675', 'retcode': 0}</msg>
<status status="PASS" starttime="20190808 15:37:59.743" endtime="20190808 15:37:59.855"></status>
</kw>
<suite id="s1-s1-s1" name="D-老师1" source="/Users/linguowei/PycharmProjects/spj/tc/d-空白数据/d-7年级1班/d-老师1">
<kw name="Add School Teacher" library="pylib.SchoolTeacherLib" type="setup">
<arguments>
<arg>teacher</arg>
<arg>teacher</arg>
<arg>${g_math}</arg>
<arg>${suite_g7c1_classid}</arg>
<arg>15851398152</arg>
<arg>750104472@qq.com</arg>
<arg>320623199211248771</arg>
<arg>suite_g7c1_teacherid</arg>
</arguments>
<msg timestamp="20190808 15:37:59.967" level="INFO">${suite_g7c1_teacherid} = 52955</msg>
<msg timestamp="20190808 15:37:59.967" level="INFO">{'id': 52955, 'retcode': 0}</msg>
<status status="PASS" starttime="20190808 15:37:59.859" endtime="20190808 15:37:59.967"></status>
</kw>
<suite id="s1-s1-s1-s1" name="D-学生1" source="/Users/linguowei/PycharmProjects/spj/tc/d-空白数据/d-7年级1班/d-老师1/d-学生1">
<kw name="Add School Student" library="pylib.SchoolStudentLib" type="setup">
<arguments>
<arg>student</arg>
<arg>student</arg>
<arg>1</arg>
<arg>${suite_g7c1_classid}</arg>
<arg>15851398152</arg>
<arg>init_studentid</arg>
</arguments>
<msg timestamp="20190808 15:38:00.079" level="INFO">${init_studentid} = 22951</msg>
<msg timestamp="20190808 15:38:00.079" level="INFO">{'id': 22951, 'retcode': 0}</msg>
<status status="PASS" starttime="20190808 15:37:59.971" endtime="20190808 15:38:00.079"></status>
</kw>
<suite id="s1-s1-s1-s1-s1" name="添加学生2" source="/Users/linguowei/PycharmProjects/spj/tc/d-空白数据/d-7年级1班/d-老师1/d-学生1/添加学生2.robot">
<test id="s1-s1-s1-s1-s1-t1" name="添加学生2 - tc002002">
<kw name="Add School Student" library="pylib.SchoolStudentLib">
<arguments>
<arg>linguowei222</arg>
<arg>linguowei222</arg>
<arg>1</arg>
<arg>${suite_g7c1_classid}</arg>
<arg>15851398152</arg>
<arg>case1_studentid</arg>
</arguments>
<assign>
<var>${ret1}</var>
</assign>
<msg timestamp="20190808 15:38:00.181" level="INFO">${case1_studentid} = 22952</msg>
<msg timestamp="20190808 15:38:00.181" level="INFO">{'id': 22952, 'retcode': 0}</msg>
<msg timestamp="20190808 15:38:00.181" level="INFO">${ret1} = {'retcode': 0, 'id': 22952}</msg>
<status status="PASS" starttime="20190808 15:38:00.085" endtime="20190808 15:38:00.181"></status>
</kw>
<kw name="Should Be True" library="BuiltIn">
<doc>Fails if the given condition is not true.</doc>
<arguments>
<arg>$ret1['retcode']==0</arg>
</arguments>
<status status="PASS" starttime="20190808 15:38:00.182" endtime="20190808 15:38:00.187"></status>
</kw>
<kw name="Should Be True" library="BuiltIn">
<doc>Fails if the given condition is not true.</doc>
<arguments>
<arg>$ret1['id']==${case1_studentid}</arg>
</arguments>
<status status="PASS" starttime="20190808 15:38:00.187" endtime="20190808 15:38:00.188"></status>
</kw>
<kw name="List School Student" library="pylib.SchoolStudentLib">
<assign>
<var>${ret2}</var>
</assign>
<msg timestamp="20190808 15:38:00.257" level="INFO">{ 'retcode': 0,
  'retlist': [ { 'classid': 193489,
                 'id': 22951,
                 'phonenumber': '15851398152',
                 'realname': 'student',
                 'username': 'student'},
               { 'classid': 193489,
                 'id': 22952,
                 'phonenumber': '15851398152',
                 'realname': 'linguowei222',
                 'username': 'linguowei222'}]}</msg>
<msg timestamp="20190808 15:38:00.257" level="INFO">${ret2} = {'retlist': [{'classid': 193489, 'realname': 'student', 'username': 'student', 'phonenumber': '15851398152', 'id': 22951}, {'classid': 193489, 'realname': 'linguowei222', 'username': 'linguowei222', '...</msg>
<status status="PASS" starttime="20190808 15:38:00.188" endtime="20190808 15:38:00.257"></status>
</kw>
<kw name="Log To Console" library="BuiltIn">
<doc>Logs the given message to the console.</doc>
<arguments>
<arg>&amp;{ret2}[retlist]</arg>
</arguments>
<status status="PASS" starttime="20190808 15:38:00.257" endtime="20190808 15:38:00.258"></status>
</kw>
<kw name="Studentlist Should Contain" library="pylib.SchoolStudentLib">
<arguments>
<arg>&amp;{ret2}[retlist]</arg>
<arg>linguowei222</arg>
<arg>linguowei222</arg>
<arg>${suite_g7c1_classid}</arg>
<arg>15851398152</arg>
<arg>${case1_studentid}</arg>
</arguments>
<msg timestamp="20190808 15:38:00.258" level="INFO">occur 1 times</msg>
<msg timestamp="20190808 15:38:00.258" level="INFO">[{'classid': 193489, 'realname': 'student', 'username': 'student', 'phonenumber': '15851398152', 'id': 22951}, {'classid': 193489, 'realname': 'linguowei222', 'username': 'linguowei222', 'phonenumber': '15851398152', 'id': 22952}]
{'classid': 193489, 'username': 'linguowei222', 'realname': 'linguowei222', 'phonenumber': '15851398152', 'id': 22952}</msg>
<status status="PASS" starttime="20190808 15:38:00.258" endtime="20190808 15:38:00.258"></status>
</kw>
<kw name="Delete School Student" library="pylib.SchoolStudentLib" type="teardown">
<arguments>
<arg>${ret1}[id]</arg>
</arguments>
<msg timestamp="20190808 15:38:00.385" level="INFO">{'retcode': 0}</msg>
<status status="PASS" starttime="20190808 15:38:00.259" endtime="20190808 15:38:00.386"></status>
</kw>
<status status="PASS" starttime="20190808 15:38:00.084" endtime="20190808 15:38:00.386" critical="yes"></status>
</test>
<test id="s1-s1-s1-s1-s1-t2" name="删除学生1 - tc002081">
<kw name="Delete School Student" library="pylib.SchoolStudentLib">
<arguments>
<arg>${init_studentid}</arg>
</arguments>
<assign>
<var>${ret1}</var>
</assign>
<msg timestamp="20190808 15:38:00.487" level="INFO">{'retcode': 0}</msg>
<msg timestamp="20190808 15:38:00.487" level="INFO">${ret1} = {'retcode': 0}</msg>
<status status="PASS" starttime="20190808 15:38:00.387" endtime="20190808 15:38:00.487"></status>
</kw>
<kw name="Should Be True" library="BuiltIn">
<doc>Fails if the given condition is not true.</doc>
<arguments>
<arg>$ret1['retcode']==0</arg>
</arguments>
<status status="PASS" starttime="20190808 15:38:00.488" endtime="20190808 15:38:00.489"></status>
</kw>
<kw name="List School Student" library="pylib.SchoolStudentLib">
<assign>
<var>${ret2}</var>
</assign>
<msg timestamp="20190808 15:38:00.554" level="INFO">{'retcode': 0, 'retlist': []}</msg>
<msg timestamp="20190808 15:38:00.554" level="INFO">${ret2} = {'retlist': [], 'retcode': 0}</msg>
<status status="PASS" starttime="20190808 15:38:00.489" endtime="20190808 15:38:00.554"></status>
</kw>
<kw name="Should Be True" library="BuiltIn">
<doc>Fails if the given condition is not true.</doc>
<arguments>
<arg>$ret2['retlist']==[]</arg>
</arguments>
<status status="PASS" starttime="20190808 15:38:00.555" endtime="20190808 15:38:00.556"></status>
</kw>
<status status="PASS" starttime="20190808 15:38:00.386" endtime="20190808 15:38:00.556" critical="yes"></status>
</test>
<status status="PASS" starttime="20190808 15:38:00.080" endtime="20190808 15:38:00.557"></status>
</suite>
<kw name="Delete School Student" library="pylib.SchoolStudentLib" type="teardown">
<arguments>
<arg>${init_studentid}</arg>
</arguments>
<msg timestamp="20190808 15:38:00.654" level="INFO">{'reason': 'id 为`22951`的学生不存在', 'retcode': 404}</msg>
<status status="PASS" starttime="20190808 15:38:00.559" endtime="20190808 15:38:00.654"></status>
</kw>
<status status="PASS" starttime="20190808 15:37:59.967" endtime="20190808 15:38:00.654"></status>
</suite>
<kw name="Delete School Teacher" library="pylib.SchoolTeacherLib" type="teardown">
<arguments>
<arg>${suite_g7c1_teacherid}</arg>
</arguments>
<msg timestamp="20190808 15:38:00.788" level="INFO">{'retcode': 0}</msg>
<status status="PASS" starttime="20190808 15:38:00.657" endtime="20190808 15:38:00.788"></status>
</kw>
<status status="PASS" starttime="20190808 15:37:59.855" endtime="20190808 15:38:00.788"></status>
</suite>
<kw name="Delete School Class" library="pylib.SchoolClassLib" type="teardown">
<arguments>
<arg>${suite_g7c1_classid}</arg>
</arguments>
<msg timestamp="20190808 15:38:01.860" level="INFO">{'retcode': 0}</msg>
<status status="PASS" starttime="20190808 15:38:00.791" endtime="20190808 15:38:01.860"></status>
</kw>
<status status="PASS" starttime="20190808 15:37:59.739" endtime="20190808 15:38:01.860"></status>
</suite>
<status status="PASS" starttime="20190808 15:37:59.080" endtime="20190808 15:38:01.862"></status>
</suite>
<statistics>
<total>
<stat pass="2" fail="0">Critical Tests</stat>
<stat pass="2" fail="0">All Tests</stat>
</total>
<tag>
</tag>
<suite>
<stat pass="2" fail="0" id="s1" name="D-空白数据">D-空白数据</stat>
<stat pass="2" fail="0" id="s1-s1" name="D-7年级1班">D-空白数据.D-7年级1班</stat>
<stat pass="2" fail="0" id="s1-s1-s1" name="D-老师1">D-空白数据.D-7年级1班.D-老师1</stat>
<stat pass="2" fail="0" id="s1-s1-s1-s1" name="D-学生1">D-空白数据.D-7年级1班.D-老师1.D-学生1</stat>
<stat pass="2" fail="0" id="s1-s1-s1-s1-s1" name="添加学生2">D-空白数据.D-7年级1班.D-老师1.D-学生1.添加学生2</stat>
</suite>
</statistics>
<errors>
</errors>
</robot>
