<?xml version="1.0" encoding="UTF-8"?>
<robot generator="Robot 3.1.2 (Python 3.7.4 on darwin)" generated="20190809 22:31:03.909" rpa="false">
<suite id="s1" name="Tc" source="/Users/linguowei/PycharmProjects/spj/tc">
<suite id="s1-s1" name="D-空白数据" source="/Users/linguowei/PycharmProjects/spj/tc/d-空白数据">
<kw name="Run Keywords" library="BuiltIn" type="setup">
<doc>Executes all the given keywords in a sequence.</doc>
<arguments>
<arg>delete all school teachers</arg>
<arg>AND</arg>
<arg>delete all school students</arg>
<arg>AND</arg>
<arg>delete all school classes</arg>
</arguments>
<kw name="Delete All School Teachers" library="pylib.SchoolTeacherLib">
<msg timestamp="20190809 22:31:04.193" level="INFO">{'retcode': 0, 'retlist': []}
{'retcode': 0, 'retlist': []}
{'retcode': 0, 'retlist': []}
{'retcode': 0, 'retlist': []}</msg>
<status status="PASS" starttime="20190809 22:31:04.018" endtime="20190809 22:31:04.193"></status>
</kw>
<kw name="Delete All School Students" library="pylib.SchoolStudentLib">
<msg timestamp="20190809 22:31:04.392" level="INFO">{'retcode': 0, 'retlist': []}
{'retcode': 0, 'retlist': []}
{'retcode': 0, 'retlist': []}
{'retcode': 0, 'retlist': []}</msg>
<status status="PASS" starttime="20190809 22:31:04.194" endtime="20190809 22:31:04.393"></status>
</kw>
<kw name="Delete All School Classes" library="pylib.SchoolClassLib">
<msg timestamp="20190809 22:31:04.595" level="INFO">{'gradeid': None, 'retcode': 0, 'retlist': []}
{'gradeid': None, 'retcode': 0, 'retlist': []}
{'gradeid': None, 'retcode': 0, 'retlist': []}
{'gradeid': None, 'retcode': 0, 'retlist': []}</msg>
<status status="PASS" starttime="20190809 22:31:04.393" endtime="20190809 22:31:04.595"></status>
</kw>
<status status="PASS" starttime="20190809 22:31:04.017" endtime="20190809 22:31:04.595"></status>
</kw>
<suite id="s1-s1-s1" name="D-7年级1班" source="/Users/linguowei/PycharmProjects/spj/tc/d-空白数据/d-7年级1班">
<kw name="Add School Class" library="pylib.SchoolClassLib" type="setup">
<arguments>
<arg>1</arg>
<arg>1班</arg>
<arg>60</arg>
<arg>suite_g7c1_classid</arg>
</arguments>
<msg timestamp="20190809 22:31:04.712" level="INFO">${suite_g7c1_classid} = 194333</msg>
<msg timestamp="20190809 22:31:04.713" level="INFO">{'id': 194333, 'invitecode': '1943336882642', 'retcode': 0}</msg>
<status status="PASS" starttime="20190809 22:31:04.599" endtime="20190809 22:31:04.713"></status>
</kw>
<suite id="s1-s1-s1-s1" name="D-老师1" source="/Users/linguowei/PycharmProjects/spj/tc/d-空白数据/d-7年级1班/d-老师1">
<kw name="Add School Teacher" library="pylib.SchoolTeacherLib" type="setup">
<arguments>
<arg>teacher</arg>
<arg>teacher</arg>
<arg>${g_math}</arg>
<arg>${suite_g7c1_classid}</arg>
<arg>15851398152</arg>
<arg>750104472@qq.com</arg>
<arg>320623199211248771</arg>
<arg>suite_g7c1_teacherid</arg>
</arguments>
<msg timestamp="20190809 22:31:04.843" level="INFO">${suite_g7c1_teacherid} = 53306</msg>
<msg timestamp="20190809 22:31:04.843" level="INFO">{'id': 53306, 'retcode': 0}</msg>
<status status="PASS" starttime="20190809 22:31:04.718" endtime="20190809 22:31:04.843"></status>
</kw>
<suite id="s1-s1-s1-s1-s1" name="D-学生1" source="/Users/linguowei/PycharmProjects/spj/tc/d-空白数据/d-7年级1班/d-老师1/d-学生1">
<kw name="Add School Student" library="pylib.SchoolStudentLib" type="setup">
<arguments>
<arg>student</arg>
<arg>student</arg>
<arg>1</arg>
<arg>${suite_g7c1_classid}</arg>
<arg>15851398152</arg>
<arg>init_studentid</arg>
</arguments>
<msg timestamp="20190809 22:31:04.933" level="INFO">${init_studentid} = 23105</msg>
<msg timestamp="20190809 22:31:04.933" level="INFO">{'id': 23105, 'retcode': 0}</msg>
<status status="PASS" starttime="20190809 22:31:04.847" endtime="20190809 22:31:04.933"></status>
</kw>
<suite id="s1-s1-s1-s1-s1-s1" name="老师发布作业1" source="/Users/linguowei/PycharmProjects/spj/tc/d-空白数据/d-7年级1班/d-老师1/d-学生1/老师发布作业1.robot">
<kw name="Open Browser" library="pylib.WebOpLib" type="setup">
<status status="PASS" starttime="20190809 22:31:04.969" endtime="20190809 22:31:06.881"></status>
</kw>
<test id="s1-s1-s1-s1-s1-s1-t1" name="老师发布作业1 - tc005101">
<kw name="Teacher Login" library="pylib.WebOpLib">
<arguments>
<arg>teacher</arg>
<arg>888888</arg>
</arguments>
<status status="PASS" starttime="20190809 22:31:06.882" endtime="20190809 22:31:14.080"></status>
</kw>
<kw name="Publish Jobs" library="pylib.WebOpLib">
<msg timestamp="20190809 22:31:30.533" level="INFO">进入到下发学习任务窗口</msg>
<status status="PASS" starttime="20190809 22:31:14.080" endtime="20190809 22:31:30.533"></status>
</kw>
<kw name="Student Login" library="pylib.WebOpLib">
<arguments>
<arg>student</arg>
<arg>888888</arg>
</arguments>
<status status="PASS" starttime="20190809 22:31:30.533" endtime="20190809 22:31:33.104"></status>
</kw>
<kw name="Do Jobs" library="pylib.WebOpLib">
<status status="PASS" starttime="20190809 22:31:33.104" endtime="20190809 22:31:39.825"></status>
</kw>
<kw name="Teacher Login" library="pylib.WebOpLib">
<arguments>
<arg>teacher</arg>
<arg>888888</arg>
</arguments>
<status status="PASS" starttime="20190809 22:31:39.825" endtime="20190809 22:31:40.885"></status>
</kw>
<kw name="Check Jobs" library="pylib.WebOpLib">
<assign>
<var>${results}</var>
</assign>
<msg timestamp="20190809 22:31:46.468" level="INFO">['A', 'A', 'A']</msg>
<msg timestamp="20190809 22:31:46.468" level="INFO">${results} = ['A', 'A', 'A']</msg>
<status status="PASS" starttime="20190809 22:31:40.885" endtime="20190809 22:31:46.468"></status>
</kw>
<kw name="Should Be True" library="BuiltIn">
<doc>Fails if the given condition is not true.</doc>
<arguments>
<arg>$results==['A', 'A', 'A']</arg>
</arguments>
<status status="PASS" starttime="20190809 22:31:46.468" endtime="20190809 22:31:46.475"></status>
</kw>
<status status="PASS" starttime="20190809 22:31:06.881" endtime="20190809 22:31:46.475" critical="yes"></status>
</test>
<kw name="Close Browser" library="pylib.WebOpLib" type="teardown">
<status status="PASS" starttime="20190809 22:31:46.476" endtime="20190809 22:31:46.588"></status>
</kw>
<status status="PASS" starttime="20190809 22:31:04.933" endtime="20190809 22:31:46.588"></status>
</suite>
<kw name="Delete School Student" library="pylib.SchoolStudentLib" type="teardown">
<arguments>
<arg>${init_studentid}</arg>
</arguments>
<msg timestamp="20190809 22:31:46.682" level="INFO">{'retcode': 0}</msg>
<status status="PASS" starttime="20190809 22:31:46.591" endtime="20190809 22:31:46.682"></status>
</kw>
<status status="PASS" starttime="20190809 22:31:04.843" endtime="20190809 22:31:46.682"></status>
</suite>
<kw name="Delete School Teacher" library="pylib.SchoolTeacherLib" type="teardown">
<arguments>
<arg>${suite_g7c1_teacherid}</arg>
</arguments>
<msg timestamp="20190809 22:31:46.787" level="INFO">{'retcode': 0}</msg>
<status status="PASS" starttime="20190809 22:31:46.685" endtime="20190809 22:31:46.787"></status>
</kw>
<status status="PASS" starttime="20190809 22:31:04.713" endtime="20190809 22:31:46.787"></status>
</suite>
<kw name="Delete School Class" library="pylib.SchoolClassLib" type="teardown">
<arguments>
<arg>${suite_g7c1_classid}</arg>
</arguments>
<msg timestamp="20190809 22:31:46.853" level="INFO">{'retcode': 0}</msg>
<status status="PASS" starttime="20190809 22:31:46.789" endtime="20190809 22:31:46.853"></status>
</kw>
<status status="PASS" starttime="20190809 22:31:04.595" endtime="20190809 22:31:46.853"></status>
</suite>
<status status="PASS" starttime="20190809 22:31:03.932" endtime="20190809 22:31:46.855"></status>
</suite>
<status status="PASS" starttime="20190809 22:31:03.910" endtime="20190809 22:31:46.857"></status>
</suite>
<statistics>
<total>
<stat pass="1" fail="0">Critical Tests</stat>
<stat pass="1" fail="0">All Tests</stat>
</total>
<tag>
</tag>
<suite>
<stat pass="1" fail="0" id="s1" name="Tc">Tc</stat>
<stat pass="1" fail="0" id="s1-s1" name="D-空白数据">Tc.D-空白数据</stat>
<stat pass="1" fail="0" id="s1-s1-s1" name="D-7年级1班">Tc.D-空白数据.D-7年级1班</stat>
<stat pass="1" fail="0" id="s1-s1-s1-s1" name="D-老师1">Tc.D-空白数据.D-7年级1班.D-老师1</stat>
<stat pass="1" fail="0" id="s1-s1-s1-s1-s1" name="D-学生1">Tc.D-空白数据.D-7年级1班.D-老师1.D-学生1</stat>
<stat pass="1" fail="0" id="s1-s1-s1-s1-s1-s1" name="老师发布作业1">Tc.D-空白数据.D-7年级1班.D-老师1.D-学生1.老师发布作业1</stat>
</suite>
</statistics>
<errors>
</errors>
</robot>
