<?xml version="1.0" encoding="UTF-8"?>
<robot generator="Robot 3.1.2 (Python 3.7.4 on darwin)" generated="20190809 16:16:25.982" rpa="false">
<suite id="s1" name="Tc" source="/Users/linguowei/PycharmProjects/spj/tc">
<suite id="s1-s1" name="D-空白数据" source="/Users/linguowei/PycharmProjects/spj/tc/d-空白数据">
<kw name="Run Keywords" library="BuiltIn" type="setup">
<doc>Executes all the given keywords in a sequence.</doc>
<arguments>
<arg>delete all school teachers</arg>
<arg>AND</arg>
<arg>delete all school students</arg>
<arg>AND</arg>
<arg>delete all school classes</arg>
</arguments>
<kw name="Delete All School Teachers" library="pylib.SchoolTeacherLib">
<msg timestamp="20190809 16:16:26.372" level="INFO">{'retcode': 0, 'retlist': []}
{'retcode': 0, 'retlist': []}
{'retcode': 0, 'retlist': []}
{'retcode': 0, 'retlist': []}</msg>
<status status="PASS" starttime="20190809 16:16:26.092" endtime="20190809 16:16:26.372"></status>
</kw>
<kw name="Delete All School Students" library="pylib.SchoolStudentLib">
<msg timestamp="20190809 16:16:26.618" level="INFO">{'retcode': 0, 'retlist': []}
{'retcode': 0, 'retlist': []}
{'retcode': 0, 'retlist': []}
{'retcode': 0, 'retlist': []}</msg>
<status status="PASS" starttime="20190809 16:16:26.372" endtime="20190809 16:16:26.618"></status>
</kw>
<kw name="Delete All School Classes" library="pylib.SchoolClassLib">
<msg timestamp="20190809 16:16:26.820" level="INFO">{'gradeid': None, 'retcode': 0, 'retlist': []}
{'gradeid': None, 'retcode': 0, 'retlist': []}
{'gradeid': None, 'retcode': 0, 'retlist': []}
{'gradeid': None, 'retcode': 0, 'retlist': []}</msg>
<status status="PASS" starttime="20190809 16:16:26.618" endtime="20190809 16:16:26.821"></status>
</kw>
<status status="PASS" starttime="20190809 16:16:26.091" endtime="20190809 16:16:26.821"></status>
</kw>
<suite id="s1-s1-s1" name="D-7年级1班" source="/Users/linguowei/PycharmProjects/spj/tc/d-空白数据/d-7年级1班">
<kw name="Add School Class" library="pylib.SchoolClassLib" type="setup">
<arguments>
<arg>1</arg>
<arg>1班</arg>
<arg>60</arg>
<arg>suite_g7c1_classid</arg>
</arguments>
<msg timestamp="20190809 16:16:26.924" level="INFO">${suite_g7c1_classid} = 194122</msg>
<msg timestamp="20190809 16:16:26.924" level="INFO">{'id': 194122, 'invitecode': '1941228941688', 'retcode': 0}</msg>
<status status="PASS" starttime="20190809 16:16:26.824" endtime="20190809 16:16:26.924"></status>
</kw>
<suite id="s1-s1-s1-s1" name="WebOp" source="/Users/linguowei/PycharmProjects/spj/tc/d-空白数据/d-7年级1班/WebOp">
<kw name="Open Browser" library="pylib.WebOpLib" type="setup">
<status status="PASS" starttime="20190809 16:16:26.959" endtime="20190809 16:16:28.911"></status>
</kw>
<suite id="s1-s1-s1-s1-s1" name="学生登录1" source="/Users/linguowei/PycharmProjects/spj/tc/d-空白数据/d-7年级1班/WebOp/学生登录1.robot">
<test id="s1-s1-s1-s1-s1-t1" name="老师登录2 -- tc005081">
<kw name="Add School Student" library="pylib.SchoolStudentLib">
<arguments>
<arg>student</arg>
<arg>student</arg>
<arg>1</arg>
<arg>${suite_g7c1_classid}</arg>
<arg>15851398152</arg>
</arguments>
<assign>
<var>${student}</var>
</assign>
<msg timestamp="20190809 16:16:28.995" level="INFO">{'id': 23047, 'retcode': 0}</msg>
<msg timestamp="20190809 16:16:28.995" level="INFO">${student} = {'retcode': 0, 'id': 23047}</msg>
<status status="PASS" starttime="20190809 16:16:28.919" endtime="20190809 16:16:28.995"></status>
</kw>
<kw name="Student Login" library="pylib.WebOpLib">
<arguments>
<arg>student</arg>
<arg>888888</arg>
</arguments>
<status status="PASS" starttime="20190809 16:16:28.996" endtime="20190809 16:16:32.157"></status>
</kw>
<kw name="Get Student Homepage Info" library="pylib.WebOpLib">
<assign>
<var>${homepageinfo}</var>
</assign>
<msg timestamp="20190809 16:16:33.466" level="INFO">['student', '松勤学院00520', '0', '0']</msg>
<msg timestamp="20190809 16:16:33.467" level="INFO">${homepageinfo} = ['student', '松勤学院00520', '0', '0']</msg>
<status status="PASS" starttime="20190809 16:16:32.157" endtime="20190809 16:16:33.467"></status>
</kw>
<kw name="Get Student Wrongquestions Info" library="pylib.WebOpLib">
<assign>
<var>${studentinfo}</var>
</assign>
<msg timestamp="20190809 16:16:34.573" level="INFO">'您尚未有错题入库哦'</msg>
<msg timestamp="20190809 16:16:34.574" level="INFO">${studentinfo} = 您尚未有错题入库哦</msg>
<status status="PASS" starttime="20190809 16:16:33.467" endtime="20190809 16:16:34.574"></status>
</kw>
<kw name="Should Be True" library="BuiltIn">
<doc>Fails if the given condition is not true.</doc>
<arguments>
<arg>$homepageinfo==['student', '松勤学院00520', '0', '0']</arg>
</arguments>
<status status="PASS" starttime="20190809 16:16:34.574" endtime="20190809 16:16:34.580"></status>
</kw>
<kw name="Should Be True" library="BuiltIn">
<doc>Fails if the given condition is not true.</doc>
<arguments>
<arg>$studentinfo=='您尚未有错题入库哦'</arg>
</arguments>
<status status="PASS" starttime="20190809 16:16:34.580" endtime="20190809 16:16:34.581"></status>
</kw>
<kw name="Delete School Student" library="pylib.SchoolStudentLib">
<arguments>
<arg>&amp;{student}[id]</arg>
</arguments>
<msg timestamp="20190809 16:16:34.659" level="INFO">{'retcode': 0}</msg>
<status status="PASS" starttime="20190809 16:16:34.581" endtime="20190809 16:16:34.659"></status>
</kw>
<status status="PASS" starttime="20190809 16:16:28.918" endtime="20190809 16:16:34.660" critical="yes"></status>
</test>
<status status="PASS" starttime="20190809 16:16:28.911" endtime="20190809 16:16:34.660"></status>
</suite>
<kw name="Close Browser" library="pylib.WebOpLib" type="teardown">
<status status="PASS" starttime="20190809 16:16:34.663" endtime="20190809 16:16:34.743"></status>
</kw>
<status status="PASS" starttime="20190809 16:16:26.924" endtime="20190809 16:16:34.743"></status>
</suite>
<kw name="Delete School Class" library="pylib.SchoolClassLib" type="teardown">
<arguments>
<arg>${suite_g7c1_classid}</arg>
</arguments>
<msg timestamp="20190809 16:16:34.801" level="INFO">{'retcode': 0}</msg>
<status status="PASS" starttime="20190809 16:16:34.745" endtime="20190809 16:16:34.801"></status>
</kw>
<status status="PASS" starttime="20190809 16:16:26.821" endtime="20190809 16:16:34.801"></status>
</suite>
<status status="PASS" starttime="20190809 16:16:26.006" endtime="20190809 16:16:34.803"></status>
</suite>
<status status="PASS" starttime="20190809 16:16:25.984" endtime="20190809 16:16:34.804"></status>
</suite>
<statistics>
<total>
<stat pass="1" fail="0">Critical Tests</stat>
<stat pass="1" fail="0">All Tests</stat>
</total>
<tag>
</tag>
<suite>
<stat pass="1" fail="0" id="s1" name="Tc">Tc</stat>
<stat pass="1" fail="0" id="s1-s1" name="D-空白数据">Tc.D-空白数据</stat>
<stat pass="1" fail="0" id="s1-s1-s1" name="D-7年级1班">Tc.D-空白数据.D-7年级1班</stat>
<stat pass="1" fail="0" id="s1-s1-s1-s1" name="WebOp">Tc.D-空白数据.D-7年级1班.WebOp</stat>
<stat pass="1" fail="0" id="s1-s1-s1-s1-s1" name="学生登录1">Tc.D-空白数据.D-7年级1班.WebOp.学生登录1</stat>
</suite>
</statistics>
<errors>
</errors>
</robot>
