<?xml version="1.0" encoding="UTF-8"?>
<robot generator="Robot 3.1.2 (Python 3.7.4 on darwin)" generated="20190828 13:56:00.217" rpa="false">
<suite id="s1" name="老师发布作业1" source="/Users/linguowei/PycharmProjects/spj/tc/d-空白数据/d-7年级1班/d-老师1/d-学生1/老师发布作业1.robot">
<kw name="Open Browser" library="pylib.WebOpLib" type="setup">
<status status="PASS" starttime="20190828 13:56:00.338" endtime="20190828 13:56:02.210"></status>
</kw>
<test id="s1-t1" name="老师发布作业1 - tc005101">
<kw name="Teacher Login" library="pylib.WebOpLib">
<arguments>
<arg>teacher</arg>
<arg>888888</arg>
</arguments>
<status status="PASS" starttime="20190828 13:56:02.213" endtime="20190828 13:56:08.128"></status>
</kw>
<kw name="Publish Jobs" library="pylib.WebOpLib">
<msg timestamp="20190828 13:56:24.473" level="INFO">进入到下发学习任务窗口</msg>
<status status="PASS" starttime="20190828 13:56:08.128" endtime="20190828 13:56:24.473"></status>
</kw>
<kw name="Student Login" library="pylib.WebOpLib">
<arguments>
<arg>student</arg>
<arg>888888</arg>
</arguments>
<status status="PASS" starttime="20190828 13:56:24.473" endtime="20190828 13:56:27.206"></status>
</kw>
<kw name="Do Jobs" library="pylib.WebOpLib">
<status status="PASS" starttime="20190828 13:56:27.207" endtime="20190828 13:56:33.837"></status>
</kw>
<kw name="Teacher Login" library="pylib.WebOpLib">
<arguments>
<arg>teacher</arg>
<arg>888888</arg>
</arguments>
<status status="PASS" starttime="20190828 13:56:33.837" endtime="20190828 13:56:34.381"></status>
</kw>
<kw name="Check Jobs" library="pylib.WebOpLib">
<assign>
<var>${results}</var>
</assign>
<msg timestamp="20190828 13:56:39.914" level="INFO">['A', 'A', 'A']</msg>
<msg timestamp="20190828 13:56:39.914" level="INFO">${results} = ['A', 'A', 'A']</msg>
<status status="PASS" starttime="20190828 13:56:34.381" endtime="20190828 13:56:39.914"></status>
</kw>
<kw name="Should Be True" library="BuiltIn">
<doc>Fails if the given condition is not true.</doc>
<arguments>
<arg>$results==['A', 'A', 'A']</arg>
</arguments>
<status status="PASS" starttime="20190828 13:56:39.914" endtime="20190828 13:56:39.918"></status>
</kw>
<status status="PASS" starttime="20190828 13:56:02.211" endtime="20190828 13:56:39.918" critical="yes"></status>
</test>
<kw name="Close Browser" library="pylib.WebOpLib" type="teardown">
<status status="PASS" starttime="20190828 13:56:39.919" endtime="20190828 13:56:40.012"></status>
</kw>
<status status="PASS" starttime="20190828 13:56:00.219" endtime="20190828 13:56:40.012"></status>
</suite>
<statistics>
<total>
<stat pass="1" fail="0">Critical Tests</stat>
<stat pass="1" fail="0">All Tests</stat>
</total>
<tag>
</tag>
<suite>
<stat pass="1" fail="0" id="s1" name="老师发布作业1">老师发布作业1</stat>
</suite>
</statistics>
<errors>
</errors>
</robot>
