<?xml version="1.0" encoding="UTF-8"?>
<robot generator="Robot 3.1.2 (Python 3.7.4 on darwin)" generated="20190809 08:33:11.568" rpa="false">
<suite id="s1" name="Tc" source="/Users/linguowei/PycharmProjects/spj/tc">
<suite id="s1-s1" name="D-空白数据" source="/Users/linguowei/PycharmProjects/spj/tc/d-空白数据">
<kw name="Run Keywords" library="BuiltIn" type="setup">
<doc>Executes all the given keywords in a sequence.</doc>
<arguments>
<arg>delete all school teachers</arg>
<arg>AND</arg>
<arg>delete all school students</arg>
<arg>AND</arg>
<arg>delete all school classes</arg>
</arguments>
<kw name="Delete All School Teachers" library="pylib.SchoolTeacherLib">
<msg timestamp="20190809 08:33:13.948" level="INFO">{'retcode': 0, 'retlist': []}
{'retcode': 0, 'retlist': []}
{'retcode': 0, 'retlist': []}
{'retcode': 0, 'retlist': []}</msg>
<status status="PASS" starttime="20190809 08:33:11.660" endtime="20190809 08:33:13.949"></status>
</kw>
<kw name="Delete All School Students" library="pylib.SchoolStudentLib">
<msg timestamp="20190809 08:33:14.149" level="INFO">{'retcode': 0, 'retlist': []}
{'retcode': 0, 'retlist': []}
{'retcode': 0, 'retlist': []}
{'retcode': 0, 'retlist': []}</msg>
<status status="PASS" starttime="20190809 08:33:13.949" endtime="20190809 08:33:14.149"></status>
</kw>
<kw name="Delete All School Classes" library="pylib.SchoolClassLib">
<msg timestamp="20190809 08:33:14.456" level="INFO">{ 'gradeid': None,
  'retcode': 0,
  'retlist': [ { 'grade__name': '七年级',
                 'id': 193901,
                 'invitecode': '1939014971382',
                 'name': '1班',
                 'studentlimit': 60,
                 'studentnumber': 0,
                 'teacherlist': []}]}
{ 'gradeid': None,
  'retcode': 0,
  'retlist': [ { 'grade__name': '七年级',
                 'id': 193901,
                 'invitecode': '1939014971382',
                 'name': '1班',
                 'studentlimit': 60,
                 'studentnumber': 0,
                 'teacherlist': []}]}
{'retcode': 0}
{'gradeid': None, 'retcode': 0, 'retlist': []}
{'gradeid': None, 'retcode': 0, 'retlist': []}</msg>
<status status="PASS" starttime="20190809 08:33:14.149" endtime="20190809 08:33:14.456"></status>
</kw>
<status status="PASS" starttime="20190809 08:33:11.660" endtime="20190809 08:33:14.456"></status>
</kw>
<suite id="s1-s1-s1" name="D-7年级1班" source="/Users/linguowei/PycharmProjects/spj/tc/d-空白数据/d-7年级1班">
<kw name="Add School Class" library="pylib.SchoolClassLib" type="setup">
<arguments>
<arg>1</arg>
<arg>1班</arg>
<arg>60</arg>
<arg>suite_g7c1_classid</arg>
</arguments>
<msg timestamp="20190809 08:33:14.570" level="INFO">${suite_g7c1_classid} = 193902</msg>
<msg timestamp="20190809 08:33:14.571" level="INFO">{'id': 193902, 'invitecode': '1939028879405', 'retcode': 0}</msg>
<status status="PASS" starttime="20190809 08:33:14.460" endtime="20190809 08:33:14.571"></status>
</kw>
<suite id="s1-s1-s1-s1" name="WebOp" source="/Users/linguowei/PycharmProjects/spj/tc/d-空白数据/d-7年级1班/WebOp">
<kw name="Open Browser" library="pylib.WebOpLib" type="setup">
<status status="PASS" starttime="20190809 08:33:14.606" endtime="20190809 08:33:16.445"></status>
</kw>
<suite id="s1-s1-s1-s1-s1" name="老师登录1" source="/Users/linguowei/PycharmProjects/spj/tc/d-空白数据/d-7年级1班/WebOp/老师登录1.robot">
<test id="s1-s1-s1-s1-s1-t1" name="老师登录1 -- tc005001">
<kw name="Add School Teacher" library="pylib.SchoolTeacherLib">
<arguments>
<arg>teacher</arg>
<arg>teacher</arg>
<arg>${g_math}</arg>
<arg>${suite_g7c1_classid}</arg>
<arg>15851398152</arg>
<arg>750104472@qq.com</arg>
<arg>320623199211248771</arg>
<arg>suite_g7c1_teacherid</arg>
</arguments>
<assign>
<var>${ret1}</var>
</assign>
<msg timestamp="20190809 08:33:17.565" level="INFO">${suite_g7c1_teacherid} = 53167</msg>
<msg timestamp="20190809 08:33:17.565" level="INFO">{'id': 53167, 'retcode': 0}</msg>
<msg timestamp="20190809 08:33:17.565" level="INFO">${ret1} = {'retcode': 0, 'id': 53167}</msg>
<status status="PASS" starttime="20190809 08:33:16.453" endtime="20190809 08:33:17.565"></status>
</kw>
<kw name="Teacher Login" library="pylib.WebOpLib">
<arguments>
<arg>teacher</arg>
<arg>888888</arg>
</arguments>
<status status="PASS" starttime="20190809 08:33:17.566" endtime="20190809 08:33:26.681"></status>
</kw>
<kw name="Get Teacher Class Students Info" library="pylib.WebOpLib">
<assign>
<var>${teacherinfo}</var>
</assign>
<msg timestamp="20190809 08:33:29.917" level="INFO">{'七年级1班': '该班级还没有学生注册'}</msg>
<msg timestamp="20190809 08:33:29.917" level="INFO">${teacherinfo} = {'七年级1班': '该班级还没有学生注册'}</msg>
<status status="PASS" starttime="20190809 08:33:26.681" endtime="20190809 08:33:29.917"></status>
</kw>
<kw name="Get Teacher Homepage Info" library="pylib.WebOpLib">
<assign>
<var>${homepageinfo}</var>
</assign>
<msg timestamp="20190809 08:33:32.040" level="INFO">['松勤学院00520', 'teacher', '初中数学', '0', '0', '0']</msg>
<msg timestamp="20190809 08:33:32.040" level="INFO">${homepageinfo} = ['松勤学院00520', 'teacher', '初中数学', '0', '0', '0']</msg>
<status status="PASS" starttime="20190809 08:33:29.917" endtime="20190809 08:33:32.040"></status>
</kw>
<kw name="Should Be True" library="BuiltIn">
<doc>Fails if the given condition is not true.</doc>
<arguments>
<arg>$teacherinfo=={'七年级1班': '该班级还没有学生注册'}</arg>
</arguments>
<status status="PASS" starttime="20190809 08:33:32.040" endtime="20190809 08:33:32.044"></status>
</kw>
<kw name="Should Be True" library="BuiltIn">
<doc>Fails if the given condition is not true.</doc>
<arguments>
<arg>$homepageinfo==['松勤学院00520', 'teacher', '初中数学', '0', '0', '0']</arg>
</arguments>
<status status="PASS" starttime="20190809 08:33:32.045" endtime="20190809 08:33:32.045"></status>
</kw>
<kw name="Delete School Teacher" library="pylib.SchoolTeacherLib">
<arguments>
<arg>&amp;{ret1}[id]</arg>
</arguments>
<msg timestamp="20190809 08:33:32.159" level="INFO">{'retcode': 0}</msg>
<status status="PASS" starttime="20190809 08:33:32.045" endtime="20190809 08:33:32.159"></status>
</kw>
<status status="PASS" starttime="20190809 08:33:16.451" endtime="20190809 08:33:32.159" critical="yes"></status>
</test>
<status status="PASS" starttime="20190809 08:33:16.445" endtime="20190809 08:33:32.160"></status>
</suite>
<kw name="Close Browser" library="pylib.WebOpLib" type="teardown">
<status status="PASS" starttime="20190809 08:33:32.163" endtime="20190809 08:33:32.246"></status>
</kw>
<status status="PASS" starttime="20190809 08:33:14.571" endtime="20190809 08:33:32.246"></status>
</suite>
<kw name="Delete School Class" library="pylib.SchoolClassLib" type="teardown">
<arguments>
<arg>${suite_g7c1_classid}</arg>
</arguments>
<msg timestamp="20190809 08:33:32.309" level="INFO">{'retcode': 0}</msg>
<status status="PASS" starttime="20190809 08:33:32.248" endtime="20190809 08:33:32.309"></status>
</kw>
<status status="PASS" starttime="20190809 08:33:14.456" endtime="20190809 08:33:32.310"></status>
</suite>
<status status="PASS" starttime="20190809 08:33:11.588" endtime="20190809 08:33:32.312"></status>
</suite>
<status status="PASS" starttime="20190809 08:33:11.570" endtime="20190809 08:33:32.314"></status>
</suite>
<statistics>
<total>
<stat pass="1" fail="0">Critical Tests</stat>
<stat pass="1" fail="0">All Tests</stat>
</total>
<tag>
</tag>
<suite>
<stat pass="1" fail="0" id="s1" name="Tc">Tc</stat>
<stat pass="1" fail="0" id="s1-s1" name="D-空白数据">Tc.D-空白数据</stat>
<stat pass="1" fail="0" id="s1-s1-s1" name="D-7年级1班">Tc.D-空白数据.D-7年级1班</stat>
<stat pass="1" fail="0" id="s1-s1-s1-s1" name="WebOp">Tc.D-空白数据.D-7年级1班.WebOp</stat>
<stat pass="1" fail="0" id="s1-s1-s1-s1-s1" name="老师登录1">Tc.D-空白数据.D-7年级1班.WebOp.老师登录1</stat>
</suite>
</statistics>
<errors>
</errors>
</robot>
