<?xml version="1.0" encoding="UTF-8"?>
<robot generator="Robot 3.1.2 (Python 3.7.4 on darwin)" generated="20190807 21:49:26.040" rpa="false">
<suite id="s1" name="D-7年级1班" source="/Users/linguowei/PycharmProjects/spj/tc/d-空白数据/d-7年级1班">
<kw name="Add School Class" library="pylib.SchoolClassLib" type="setup">
<arguments>
<arg>1</arg>
<arg>1班</arg>
<arg>60</arg>
<arg>suite_g7c1_classid</arg>
</arguments>
<msg timestamp="20190807 21:49:26.240" level="INFO">${suite_g7c1_classid} = 193105</msg>
<msg timestamp="20190807 21:49:26.240" level="INFO">{'id': 193105, 'invitecode': '1931056294025', 'retcode': 0}</msg>
<status status="PASS" starttime="20190807 21:49:26.131" endtime="20190807 21:49:26.241"></status>
</kw>
<suite id="s1-s1" name="D-老师1" source="/Users/linguowei/PycharmProjects/spj/tc/d-空白数据/d-7年级1班/d-老师1">
<kw name="Add School Teacher" library="pylib.SchoolTeacherLib" type="setup">
<arguments>
<arg>linguowei</arg>
<arg>linguowei</arg>
<arg>1</arg>
<arg>${suite_g7c1_classid}</arg>
<arg>15851398152</arg>
<arg>750104472@qq.com</arg>
<arg>320623199211248771</arg>
<arg>suite_g7c1_teacherid</arg>
</arguments>
<msg timestamp="20190807 21:49:26.377" level="INFO">${suite_g7c1_teacherid} = 52751</msg>
<msg timestamp="20190807 21:49:26.378" level="INFO">{'id': 52751, 'retcode': 0}</msg>
<status status="PASS" starttime="20190807 21:49:26.246" endtime="20190807 21:49:26.378"></status>
</kw>
<suite id="s1-s1-s1" name="添加老师2" source="/Users/linguowei/PycharmProjects/spj/tc/d-空白数据/d-7年级1班/d-老师1/添加老师2.robot">
<test id="s1-s1-s1-t1" name="添加老师2 - tc001002">
<kw name="Add School Teacher" library="pylib.SchoolTeacherLib">
<arguments>
<arg>linguowei1</arg>
<arg>linguowei1</arg>
<arg>5</arg>
<arg>${suite_g7c1_classid}</arg>
<arg>15851398153</arg>
<arg>750104473@qq.com</arg>
<arg>320623199211248773</arg>
<arg>suite_g7c1_teacherid</arg>
</arguments>
<assign>
<var>${ret1}</var>
</assign>
<msg timestamp="20190807 21:49:26.542" level="INFO">${suite_g7c1_teacherid} = 52752</msg>
<msg timestamp="20190807 21:49:26.542" level="INFO">{'id': 52752, 'retcode': 0}</msg>
<msg timestamp="20190807 21:49:26.543" level="INFO">${ret1} = {'retcode': 0, 'id': 52752}</msg>
<status status="PASS" starttime="20190807 21:49:26.458" endtime="20190807 21:49:26.543"></status>
</kw>
<kw name="Should Be True" library="BuiltIn">
<doc>Fails if the given condition is not true.</doc>
<arguments>
<arg>$ret1=={"retcode": 0,"id": ${suite_g7c1_teacherid}}</arg>
</arguments>
<status status="PASS" starttime="20190807 21:49:26.543" endtime="20190807 21:49:26.549"></status>
</kw>
<kw name="List School Teacher" library="pylib.SchoolTeacherLib">
<assign>
<var>${ret2}</var>
</assign>
<msg timestamp="20190807 21:49:26.609" level="INFO">{ 'retcode': 0,
  'retlist': [ { 'email': '750104472@qq.com',
                 'id': 52751,
                 'idcardnumber': '320623199211248771',
                 'phonenumber': '15851398152',
                 'realname': 'linguowei',
                 'teachclasslist': [193105],
                 'username': 'linguowei'},
               { 'email': '750104473@qq.com',
                 'id': 52752,
                 'idcardnumber': '320623199211248773',
                 'phonenumber': '15851398153',
                 'realname': 'linguowei1',
                 'teachclasslist': [193105],
                 'username': 'linguowei1'}]}</msg>
<msg timestamp="20190807 21:49:26.609" level="INFO">${ret2} = {'retlist': [{'username': 'linguowei', 'teachclasslist': [193105], 'realname': 'linguowei', 'id': 52751, 'phonenumber': '15851398152', 'email': '750104472@qq.com', 'idcardnumber': '320623199211248771'...</msg>
<status status="PASS" starttime="20190807 21:49:26.549" endtime="20190807 21:49:26.609"></status>
</kw>
<kw name="Teacherlist Should Contain" library="pylib.SchoolTeacherLib">
<arguments>
<arg>&amp;{ret2}[retlist]</arg>
<arg>linguowei1</arg>
<arg>linguowei1</arg>
<arg>${suite_g7c1_teacherid}</arg>
<arg>${suite_g7c1_classid}</arg>
<arg>15851398153</arg>
<arg>750104473@qq.com</arg>
<arg>320623199211248773</arg>
</arguments>
<msg timestamp="20190807 21:49:26.610" level="INFO">occur 1 times</msg>
<status status="PASS" starttime="20190807 21:49:26.610" endtime="20190807 21:49:26.611"></status>
</kw>
<kw name="Delete School Teacher" library="pylib.SchoolTeacherLib" type="teardown">
<arguments>
<arg>${suite_g7c1_teacherid}</arg>
</arguments>
<msg timestamp="20190807 21:49:26.743" level="INFO">{'retcode': 0}</msg>
<status status="PASS" starttime="20190807 21:49:26.611" endtime="20190807 21:49:26.743"></status>
</kw>
<status status="PASS" starttime="20190807 21:49:26.457" endtime="20190807 21:49:26.743" critical="yes"></status>
</test>
<status status="PASS" starttime="20190807 21:49:26.378" endtime="20190807 21:49:26.744"></status>
</suite>
<kw name="Delete School Teacher" library="pylib.SchoolTeacherLib" type="teardown">
<arguments>
<arg>${suite_g7c1_teacherid}</arg>
</arguments>
<msg timestamp="20190807 21:49:26.810" level="INFO">{'reason': 'id 为`52752`的老师不存在', 'retcode': 404}</msg>
<status status="PASS" starttime="20190807 21:49:26.747" endtime="20190807 21:49:26.810"></status>
</kw>
<status status="PASS" starttime="20190807 21:49:26.241" endtime="20190807 21:49:26.810"></status>
</suite>
<kw name="Delete School Class" library="pylib.SchoolClassLib" type="teardown">
<arguments>
<arg>${suite_g7c1_classid}</arg>
</arguments>
<msg timestamp="20190807 21:49:26.908" level="INFO">{'reason': '此班级里还有老师，需清空后才能删除', 'retcode': 1}</msg>
<status status="PASS" starttime="20190807 21:49:26.812" endtime="20190807 21:49:26.908"></status>
</kw>
<status status="PASS" starttime="20190807 21:49:26.041" endtime="20190807 21:49:26.908"></status>
</suite>
<statistics>
<total>
<stat pass="1" fail="0">Critical Tests</stat>
<stat pass="1" fail="0">All Tests</stat>
</total>
<tag>
</tag>
<suite>
<stat pass="1" fail="0" id="s1" name="D-7年级1班">D-7年级1班</stat>
<stat pass="1" fail="0" id="s1-s1" name="D-老师1">D-7年级1班.D-老师1</stat>
<stat pass="1" fail="0" id="s1-s1-s1" name="添加老师2">D-7年级1班.D-老师1.添加老师2</stat>
</suite>
</statistics>
<errors>
</errors>
</robot>
