<?xml version="1.0" encoding="UTF-8"?>
<robot generator="Robot 3.1.2 (Python 3.7.4 on darwin)" generated="20190808 09:28:18.162" rpa="false">
<suite id="s1" name="D-空白数据" source="/Users/linguowei/PycharmProjects/spj/tc/d-空白数据">
<kw name="Delete All School Classes" library="pylib.SchoolClassLib" type="setup">
<msg timestamp="20190808 09:28:18.575" level="INFO">{'gradeid': None, 'retcode': 0, 'retlist': []}
{'gradeid': None, 'retcode': 0, 'retlist': []}
{'gradeid': 1, 'retcode': 0, 'retlist': []}
{'gradeid': 1, 'retcode': 0, 'retlist': []}</msg>
<status status="PASS" starttime="20190808 09:28:18.272" endtime="20190808 09:28:18.575"></status>
</kw>
<suite id="s1-s1" name="D-7年级1班" source="/Users/linguowei/PycharmProjects/spj/tc/d-空白数据/d-7年级1班">
<kw name="Add School Class" library="pylib.SchoolClassLib" type="setup">
<arguments>
<arg>1</arg>
<arg>1班</arg>
<arg>60</arg>
<arg>suite_g7c1_classid</arg>
</arguments>
<msg timestamp="20190808 09:28:18.710" level="INFO">${suite_g7c1_classid} = 193198</msg>
<msg timestamp="20190808 09:28:18.710" level="INFO">{'id': 193198, 'invitecode': '1931981994030', 'retcode': 0}</msg>
<status status="PASS" starttime="20190808 09:28:18.578" endtime="20190808 09:28:18.710"></status>
</kw>
<suite id="s1-s1-s1" name="D-老师1" source="/Users/linguowei/PycharmProjects/spj/tc/d-空白数据/d-7年级1班/d-老师1">
<kw name="Add School Teacher" library="pylib.SchoolTeacherLib" type="setup">
<arguments>
<arg>linguowei</arg>
<arg>linguowei</arg>
<arg>${g_math}</arg>
<arg>${suite_g7c1_classid}</arg>
<arg>15851398152</arg>
<arg>750104472@qq.com</arg>
<arg>320623199211248771</arg>
<arg>suite_g7c1_teacherid</arg>
</arguments>
<msg timestamp="20190808 09:28:18.922" level="INFO">${suite_g7c1_teacherid} = 52797</msg>
<msg timestamp="20190808 09:28:18.922" level="INFO">{'id': 52797, 'retcode': 0}</msg>
<status status="PASS" starttime="20190808 09:28:18.716" endtime="20190808 09:28:18.922"></status>
</kw>
<suite id="s1-s1-s1-s1" name="添加老师2" source="/Users/linguowei/PycharmProjects/spj/tc/d-空白数据/d-7年级1班/d-老师1/添加老师2.robot">
<test id="s1-s1-s1-s1-t1" name="添加老师2 - tc001002">
<kw name="Add School Teacher" library="pylib.SchoolTeacherLib">
<arguments>
<arg>linguowei1</arg>
<arg>linguowei1</arg>
<arg>${g_science}</arg>
<arg>${suite_g7c1_classid}</arg>
<arg>15851398153</arg>
<arg>750104473@qq.com</arg>
<arg>320623199211248773</arg>
<arg>suite_g7c2_teacherid</arg>
</arguments>
<assign>
<var>${ret1}</var>
</assign>
<msg timestamp="20190808 09:28:19.186" level="INFO">${suite_g7c2_teacherid} = 52798</msg>
<msg timestamp="20190808 09:28:19.186" level="INFO">{'id': 52798, 'retcode': 0}</msg>
<msg timestamp="20190808 09:28:19.186" level="INFO">${ret1} = {'retcode': 0, 'id': 52798}</msg>
<status status="PASS" starttime="20190808 09:28:19.012" endtime="20190808 09:28:19.186"></status>
</kw>
<kw name="Should Be True" library="BuiltIn">
<doc>Fails if the given condition is not true.</doc>
<arguments>
<arg>$ret1=={"retcode": 0,"id": ${suite_g7c2_teacherid}}</arg>
</arguments>
<status status="PASS" starttime="20190808 09:28:19.187" endtime="20190808 09:28:19.192"></status>
</kw>
<kw name="List School Teacher" library="pylib.SchoolTeacherLib">
<assign>
<var>${ret2}</var>
</assign>
<msg timestamp="20190808 09:28:19.322" level="INFO">{ 'retcode': 0,
  'retlist': [ { 'email': '750104472@qq.com',
                 'id': 52797,
                 'idcardnumber': '320623199211248771',
                 'phonenumber': '15851398152',
                 'realname': 'linguowei',
                 'teachclasslist': [193198],
                 'username': 'linguowei'},
               { 'email': '750104473@qq.com',
                 'id': 52798,
                 'idcardnumber': '320623199211248773',
                 'phonenumber': '15851398153',
                 'realname': 'linguowei1',
                 'teachclasslist': [193198],
                 'username': 'linguowei1'}]}</msg>
<msg timestamp="20190808 09:28:19.323" level="INFO">${ret2} = {'retlist': [{'username': 'linguowei', 'teachclasslist': [193198], 'realname': 'linguowei', 'id': 52797, 'phonenumber': '15851398152', 'email': '750104472@qq.com', 'idcardnumber': '320623199211248771'...</msg>
<status status="PASS" starttime="20190808 09:28:19.193" endtime="20190808 09:28:19.323"></status>
</kw>
<kw name="Teacherlist Should Contain" library="pylib.SchoolTeacherLib">
<arguments>
<arg>&amp;{ret2}[retlist]</arg>
<arg>linguowei1</arg>
<arg>linguowei1</arg>
<arg>${suite_g7c2_teacherid}</arg>
<arg>${suite_g7c1_classid}</arg>
<arg>15851398153</arg>
<arg>750104473@qq.com</arg>
<arg>320623199211248773</arg>
</arguments>
<msg timestamp="20190808 09:28:19.324" level="INFO">occur 1 times</msg>
<status status="PASS" starttime="20190808 09:28:19.323" endtime="20190808 09:28:19.324"></status>
</kw>
<kw name="Delete School Teacher" library="pylib.SchoolTeacherLib" type="teardown">
<arguments>
<arg>${suite_g7c2_teacherid}</arg>
</arguments>
<msg timestamp="20190808 09:28:19.519" level="INFO">{'retcode': 0}</msg>
<status status="PASS" starttime="20190808 09:28:19.324" endtime="20190808 09:28:19.519"></status>
</kw>
<status status="PASS" starttime="20190808 09:28:19.011" endtime="20190808 09:28:19.519" critical="yes"></status>
</test>
<test id="s1-s1-s1-s1-t2" name="添加老师3 - tc001003">
<kw name="List School Teacher" library="pylib.SchoolTeacherLib">
<assign>
<var>${before}</var>
</assign>
<msg timestamp="20190808 09:28:19.688" level="INFO">{ 'retcode': 0,
  'retlist': [ { 'email': '750104472@qq.com',
                 'id': 52797,
                 'idcardnumber': '320623199211248771',
                 'phonenumber': '15851398152',
                 'realname': 'linguowei',
                 'teachclasslist': [193198],
                 'username': 'linguowei'}]}</msg>
<msg timestamp="20190808 09:28:19.688" level="INFO">${before} = {'retlist': [{'username': 'linguowei', 'teachclasslist': [193198], 'realname': 'linguowei', 'id': 52797, 'phonenumber': '15851398152', 'email': '750104472@qq.com', 'idcardnumber': '320623199211248771'...</msg>
<status status="PASS" starttime="20190808 09:28:19.521" endtime="20190808 09:28:19.688"></status>
</kw>
<kw name="Add School Teacher" library="pylib.SchoolTeacherLib">
<arguments>
<arg>linguowei</arg>
<arg>linguowei1</arg>
<arg>${g_science}</arg>
<arg>${suite_g7c1_classid}</arg>
<arg>15851398151</arg>
<arg>750104471@qq.com</arg>
<arg>320623199211248771</arg>
</arguments>
<assign>
<var>${ret1}</var>
</assign>
<msg timestamp="20190808 09:28:19.852" level="INFO">{'reason': '登录名 linguowei 已经存在', 'retcode': 1}</msg>
<msg timestamp="20190808 09:28:19.852" level="INFO">${ret1} = {'reason': '登录名 linguowei 已经存在', 'retcode': 1}</msg>
<status status="PASS" starttime="20190808 09:28:19.688" endtime="20190808 09:28:19.853"></status>
</kw>
<kw name="Should Be True" library="BuiltIn">
<doc>Fails if the given condition is not true.</doc>
<arguments>
<arg>$ret1['retcode']==1</arg>
</arguments>
<status status="PASS" starttime="20190808 09:28:19.853" endtime="20190808 09:28:19.854"></status>
</kw>
<kw name="Should Be True" library="BuiltIn">
<doc>Fails if the given condition is not true.</doc>
<arguments>
<arg>$ret1['reason']=="登录名 linguowei 已经存在"</arg>
</arguments>
<status status="PASS" starttime="20190808 09:28:19.854" endtime="20190808 09:28:19.856"></status>
</kw>
<kw name="List School Teacher" library="pylib.SchoolTeacherLib">
<assign>
<var>${ret2}</var>
</assign>
<msg timestamp="20190808 09:28:20.020" level="INFO">{ 'retcode': 0,
  'retlist': [ { 'email': '750104472@qq.com',
                 'id': 52797,
                 'idcardnumber': '320623199211248771',
                 'phonenumber': '15851398152',
                 'realname': 'linguowei',
                 'teachclasslist': [193198],
                 'username': 'linguowei'}]}</msg>
<msg timestamp="20190808 09:28:20.020" level="INFO">${ret2} = {'retlist': [{'username': 'linguowei', 'teachclasslist': [193198], 'realname': 'linguowei', 'id': 52797, 'phonenumber': '15851398152', 'email': '750104472@qq.com', 'idcardnumber': '320623199211248771'...</msg>
<status status="PASS" starttime="20190808 09:28:19.856" endtime="20190808 09:28:20.020"></status>
</kw>
<kw name="Should Be True" library="BuiltIn">
<doc>Fails if the given condition is not true.</doc>
<arguments>
<arg>$before==$ret2</arg>
</arguments>
<status status="PASS" starttime="20190808 09:28:20.020" endtime="20190808 09:28:20.022"></status>
</kw>
<status status="PASS" starttime="20190808 09:28:19.520" endtime="20190808 09:28:20.022" critical="yes"></status>
</test>
<status status="PASS" starttime="20190808 09:28:18.922" endtime="20190808 09:28:20.023"></status>
</suite>
<kw name="Delete School Teacher" library="pylib.SchoolTeacherLib" type="teardown">
<arguments>
<arg>${suite_g7c1_teacherid}</arg>
</arguments>
<msg timestamp="20190808 09:28:20.210" level="INFO">{'retcode': 0}</msg>
<status status="PASS" starttime="20190808 09:28:20.027" endtime="20190808 09:28:20.210"></status>
</kw>
<status status="PASS" starttime="20190808 09:28:18.710" endtime="20190808 09:28:20.210"></status>
</suite>
<kw name="Delete School Class" library="pylib.SchoolClassLib" type="teardown">
<arguments>
<arg>${suite_g7c1_classid}</arg>
</arguments>
<msg timestamp="20190808 09:28:20.400" level="INFO">{'retcode': 0}</msg>
<status status="PASS" starttime="20190808 09:28:20.212" endtime="20190808 09:28:20.400"></status>
</kw>
<status status="PASS" starttime="20190808 09:28:18.575" endtime="20190808 09:28:20.400"></status>
</suite>
<status status="PASS" starttime="20190808 09:28:18.164" endtime="20190808 09:28:20.403"></status>
</suite>
<statistics>
<total>
<stat pass="2" fail="0">Critical Tests</stat>
<stat pass="2" fail="0">All Tests</stat>
</total>
<tag>
</tag>
<suite>
<stat pass="2" fail="0" id="s1" name="D-空白数据">D-空白数据</stat>
<stat pass="2" fail="0" id="s1-s1" name="D-7年级1班">D-空白数据.D-7年级1班</stat>
<stat pass="2" fail="0" id="s1-s1-s1" name="D-老师1">D-空白数据.D-7年级1班.D-老师1</stat>
<stat pass="2" fail="0" id="s1-s1-s1-s1" name="添加老师2">D-空白数据.D-7年级1班.D-老师1.添加老师2</stat>
</suite>
</statistics>
<errors>
</errors>
</robot>
